TN:
SF:config\db.js
FNF:0
FNH:0
DA:1,1
DA:2,1
DA:3,1
DA:4,1
DA:5,1
DA:6,1
DA:7,1
DA:8,1
DA:9,1
DA:10,0
DA:11,0
DA:12,1
DA:13,1
DA:14,1
DA:15,1
DA:16,1
DA:17,1
DA:18,1
DA:19,1
DA:20,1
DA:21,1
DA:22,1
DA:23,0
DA:24,1
DA:25,1
DA:26,1
DA:27,1
DA:28,1
DA:29,1
DA:30,1
DA:31,0
DA:32,0
DA:33,0
DA:34,1
DA:35,1
DA:36,1
LF:36
LH:30
BRDA:1,0,0,1
BRDA:9,1,0,0
BRDA:18,2,0,1
BRDA:26,3,0,1
BRF:4
BRH:3
end_of_record
TN:
SF:controllers\index.js
FNF:0
FNH:0
DA:1,1
DA:2,1
DA:3,1
DA:4,1
DA:5,1
DA:6,1
DA:7,1
DA:8,1
DA:9,1
DA:10,1
LF:10
LH:10
BRDA:1,0,0,1
BRF:1
BRH:1
end_of_record
TN:
SF:controllers\auth\authController.js
FN:5,signupController
FN:25,loginController
FN:43,logoutController
FN:50,getCurrentUserController
FNF:4
FNH:2
FNDA:3,signupController
FNDA:1,loginController
FNDA:0,logoutController
FNDA:0,getCurrentUserController
DA:1,2
DA:2,2
DA:3,2
DA:4,2
DA:5,2
DA:6,3
DA:7,3
DA:8,3
DA:9,3
DA:10,1
DA:11,1
DA:12,1
DA:13,1
DA:14,1
DA:15,1
DA:16,1
DA:17,1
DA:18,1
DA:19,1
DA:20,1
DA:21,1
DA:22,1
DA:23,3
DA:24,2
DA:25,2
DA:26,1
DA:27,1
DA:28,1
DA:29,1
DA:30,1
DA:31,1
DA:32,1
DA:33,1
DA:34,1
DA:35,1
DA:36,1
DA:37,1
DA:38,1
DA:39,1
DA:40,1
DA:41,1
DA:42,2
DA:43,2
DA:44,0
DA:45,0
DA:46,0
DA:47,0
DA:48,0
DA:49,2
DA:50,2
DA:51,0
DA:52,0
DA:53,0
DA:54,0
DA:55,0
DA:56,0
DA:57,0
DA:58,0
DA:59,0
DA:60,0
DA:61,0
DA:62,0
DA:63,0
DA:64,0
DA:65,0
DA:66,0
DA:67,0
DA:68,0
DA:69,0
DA:70,0
DA:71,2
DA:72,2
DA:73,2
LF:73
LH:48
BRDA:1,0,0,2
BRDA:5,1,0,3
BRDA:9,2,0,1
BRDA:25,3,0,1
BRF:4
BRH:4
end_of_record
TN:
SF:controllers\auth\index.js
FNF:0
FNH:0
DA:1,2
DA:2,2
DA:3,2
LF:3
LH:3
BRDA:1,0,0,2
BRF:1
BRH:1
end_of_record
TN:
SF:controllers\contacts\contactsControllers.js
FN:11,listContactsController
FN:19,getContactByIdController
FN:36,addContactController
FN:46,removeContactController
FN:64,updateContactController
FN:80,updateStatusContactController
FNF:6
FNH:1
FNDA:1,listContactsController
FNDA:0,getContactByIdController
FNDA:0,addContactController
FNDA:0,removeContactController
FNDA:0,updateContactController
FNDA:0,updateStatusContactController
DA:1,1
DA:2,1
DA:3,1
DA:4,1
DA:5,1
DA:6,1
DA:7,1
DA:8,1
DA:9,1
DA:10,1
DA:11,1
DA:12,1
DA:13,1
DA:14,1
DA:15,1
DA:16,1
DA:17,1
DA:18,1
DA:19,1
DA:20,0
DA:21,0
DA:22,0
DA:23,0
DA:24,0
DA:25,0
DA:26,0
DA:27,0
DA:28,0
DA:29,0
DA:30,0
DA:31,0
DA:32,0
DA:33,0
DA:34,0
DA:35,1
DA:36,1
DA:37,0
DA:38,0
DA:39,0
DA:40,0
DA:41,0
DA:42,0
DA:43,0
DA:44,0
DA:45,1
DA:46,1
DA:47,0
DA:48,0
DA:49,0
DA:50,0
DA:51,0
DA:52,0
DA:53,0
DA:54,0
DA:55,0
DA:56,0
DA:57,0
DA:58,0
DA:59,0
DA:60,0
DA:61,0
DA:62,0
DA:63,1
DA:64,1
DA:65,0
DA:66,0
DA:67,0
DA:68,0
DA:69,0
DA:70,0
DA:71,0
DA:72,0
DA:73,0
DA:74,0
DA:75,0
DA:76,0
DA:77,0
DA:78,0
DA:79,1
DA:80,1
DA:81,0
DA:82,0
DA:83,0
DA:84,0
DA:85,0
DA:86,0
DA:87,0
DA:88,0
DA:89,0
DA:90,0
DA:91,0
DA:92,0
DA:93,0
DA:94,0
DA:95,1
DA:96,1
DA:97,1
LF:97
LH:30
BRDA:1,0,0,1
BRDA:11,1,0,1
BRF:2
BRH:2
end_of_record
TN:
SF:controllers\contacts\index.js
FNF:0
FNH:0
DA:1,1
DA:2,1
DA:3,1
LF:3
LH:3
BRDA:1,0,0,1
BRF:1
BRH:1
end_of_record
TN:
SF:controllers\users\index.js
FNF:0
FNH:0
DA:1,1
DA:2,1
DA:3,1
DA:4,1
LF:4
LH:4
BRDA:1,0,0,1
BRF:1
BRH:1
end_of_record
TN:
SF:controllers\users\uploadAvatar.js
FN:8,uploadAvatar
FNF:1
FNH:0
FNDA:0,uploadAvatar
DA:1,1
DA:2,1
DA:3,1
DA:4,1
DA:5,1
DA:6,1
DA:7,1
DA:8,1
DA:9,0
DA:10,0
DA:11,0
DA:12,0
DA:13,0
DA:14,0
DA:15,0
DA:16,0
DA:17,0
DA:18,0
DA:19,0
DA:20,1
DA:21,1
DA:22,1
LF:22
LH:11
BRDA:1,0,0,1
BRF:1
BRH:1
end_of_record
TN:
SF:controllers\users\usersAggregate.js
FN:4,aggregationController
FNF:1
FNH:0
FNDA:0,aggregationController
DA:1,1
DA:2,1
DA:3,1
DA:4,1
DA:5,0
DA:6,0
DA:7,0
DA:8,0
DA:9,0
DA:10,0
DA:11,0
DA:12,0
DA:13,0
DA:14,0
DA:15,0
DA:16,0
DA:17,1
DA:18,1
DA:19,1
LF:19
LH:7
BRDA:1,0,0,1
BRF:1
BRH:1
end_of_record
TN:
SF:lib\constants.js
FNF:0
FNH:0
DA:1,2
DA:2,2
DA:3,2
DA:4,2
DA:5,2
DA:6,2
DA:7,2
DA:8,2
DA:9,2
DA:10,2
DA:11,2
DA:12,2
DA:13,2
DA:14,2
DA:15,2
DA:16,2
DA:17,2
DA:18,2
DA:19,2
DA:20,2
DA:21,2
DA:22,2
DA:23,2
DA:24,2
DA:25,2
LF:25
LH:25
BRDA:1,0,0,2
BRF:1
BRH:1
end_of_record
TN:
SF:midllewares\guard.js
FN:7,verifyToken
FN:16,guard
FNF:2
FNH:2
FNDA:1,verifyToken
FNDA:1,guard
DA:1,1
DA:2,1
DA:3,1
DA:4,1
DA:5,1
DA:6,1
DA:7,1
DA:8,1
DA:9,1
DA:10,1
DA:11,1
DA:12,0
DA:13,0
DA:14,1
DA:15,1
DA:16,1
DA:17,1
DA:18,1
DA:19,1
DA:20,0
DA:21,0
DA:22,0
DA:23,0
DA:24,0
DA:25,0
DA:26,1
DA:27,1
DA:28,1
DA:29,0
DA:30,0
DA:31,0
DA:32,0
DA:33,0
DA:34,0
DA:35,1
DA:36,1
DA:37,1
DA:38,1
DA:39,1
LF:39
LH:25
BRDA:1,0,0,1
BRDA:7,1,0,1
BRDA:11,2,0,0
BRDA:16,3,0,1
BRDA:19,4,0,0
BRDA:28,5,0,0
BRF:6
BRH:3
end_of_record
TN:
SF:midllewares\validation\validationContacts.js
FN:40,validateCreate
FN:51,validateUpdate
FN:64,validateUpdateFavorite
FN:77,validateId
FN:84,validateQuery
FNF:5
FNH:1
FNDA:0,validateCreate
FNDA:0,validateUpdate
FNDA:0,validateUpdateFavorite
FNDA:0,validateId
FNDA:1,validateQuery
DA:1,1
DA:2,1
DA:3,1
DA:4,1
DA:5,1
DA:6,1
DA:7,1
DA:8,1
DA:9,1
DA:10,1
DA:11,1
DA:12,1
DA:13,1
DA:14,1
DA:15,1
DA:16,1
DA:17,1
DA:18,1
DA:19,1
DA:20,1
DA:21,1
DA:22,1
DA:23,1
DA:24,1
DA:25,1
DA:26,1
DA:27,1
DA:28,1
DA:29,1
DA:30,1
DA:31,1
DA:32,1
DA:33,1
DA:34,1
DA:35,1
DA:36,1
DA:37,1
DA:38,1
DA:39,1
DA:40,1
DA:41,0
DA:42,0
DA:43,0
DA:44,0
DA:45,0
DA:46,0
DA:47,0
DA:48,0
DA:49,1
DA:50,1
DA:51,1
DA:52,0
DA:53,0
DA:54,0
DA:55,0
DA:56,0
DA:57,0
DA:58,0
DA:59,0
DA:60,0
DA:61,0
DA:62,1
DA:63,1
DA:64,1
DA:65,0
DA:66,0
DA:67,0
DA:68,0
DA:69,0
DA:70,0
DA:71,0
DA:72,0
DA:73,0
DA:74,0
DA:75,1
DA:76,1
DA:77,1
DA:78,0
DA:79,0
DA:80,0
DA:81,0
DA:82,1
DA:83,1
DA:84,1
DA:85,1
DA:86,1
DA:87,1
DA:88,0
DA:89,0
DA:90,0
DA:91,0
DA:92,1
DA:93,1
LF:93
LH:57
BRDA:1,0,0,1
BRDA:84,1,0,1
BRDA:87,2,0,0
BRF:3
BRH:2
end_of_record
TN:
SF:model\contactSchema.js
FN:40,transform
FNF:1
FNH:0
FNDA:0,transform
DA:1,1
DA:2,1
DA:3,1
DA:4,1
DA:5,1
DA:6,1
DA:7,1
DA:8,1
DA:9,1
DA:10,1
DA:11,1
DA:12,1
DA:13,1
DA:14,1
DA:15,1
DA:16,1
DA:17,1
DA:18,1
DA:19,1
DA:20,1
DA:21,1
DA:22,1
DA:23,1
DA:24,1
DA:25,1
DA:26,1
DA:27,1
DA:28,1
DA:29,1
DA:30,1
DA:31,1
DA:32,1
DA:33,1
DA:34,1
DA:35,1
DA:36,1
DA:37,1
DA:38,1
DA:39,1
DA:40,1
DA:41,0
DA:42,0
DA:43,1
DA:44,1
DA:45,1
DA:46,1
DA:47,1
DA:48,1
DA:49,1
DA:50,0
DA:51,0
DA:52,0
DA:53,0
DA:54,1
DA:55,1
DA:56,1
DA:57,1
DA:58,1
LF:58
LH:52
BRDA:1,0,0,1
BRF:1
BRH:1
end_of_record
TN:
SF:model\usersSchema.js
FN:15,validate
FN:38,default
FN:52,transform
FN:69,usersSchema.methods.isValidPassword
FNF:4
FNH:2
FNDA:1,validate
FNDA:1,default
FNDA:0,transform
FNDA:0,usersSchema.methods.isValidPassword
DA:1,2
DA:2,2
DA:3,2
DA:4,2
DA:5,2
DA:6,2
DA:7,2
DA:8,2
DA:9,2
DA:10,2
DA:11,2
DA:12,2
DA:13,2
DA:14,2
DA:15,2
DA:16,1
DA:17,1
DA:18,2
DA:19,2
DA:20,2
DA:21,2
DA:22,2
DA:23,2
DA:24,2
DA:25,2
DA:26,2
DA:27,2
DA:28,2
DA:29,2
DA:30,2
DA:31,2
DA:32,2
DA:33,2
DA:34,2
DA:35,2
DA:36,2
DA:37,2
DA:38,2
DA:39,1
DA:40,2
DA:41,2
DA:42,2
DA:43,2
DA:44,2
DA:45,2
DA:46,2
DA:47,2
DA:48,2
DA:49,2
DA:50,2
DA:51,2
DA:52,2
DA:53,0
DA:54,0
DA:55,2
DA:56,2
DA:57,2
DA:58,2
DA:59,2
DA:60,2
DA:61,2
DA:62,1
DA:63,1
DA:64,1
DA:65,1
DA:66,1
DA:67,2
DA:68,2
DA:69,2
DA:70,0
DA:71,2
DA:72,2
DA:73,2
DA:74,2
DA:75,2
LF:75
LH:72
BRDA:1,0,0,2
BRDA:15,1,0,1
BRDA:38,2,0,1
BRDA:61,3,0,1
BRF:4
BRH:4
end_of_record
TN:
SF:repository\auth\create.js
FN:3,create
FNF:1
FNH:0
FNDA:0,create
DA:1,2
DA:2,2
DA:3,2
DA:4,0
DA:5,0
DA:6,2
DA:7,2
DA:8,2
LF:8
LH:6
BRDA:1,0,0,2
BRF:1
BRH:1
end_of_record
TN:
SF:repository\auth\findByEmail.js
FN:3,findByEmail
FNF:1
FNH:0
FNDA:0,findByEmail
DA:1,2
DA:2,2
DA:3,2
DA:4,0
DA:5,2
DA:6,2
DA:7,2
LF:7
LH:6
BRDA:1,0,0,2
BRF:1
BRH:1
end_of_record
TN:
SF:repository\auth\findById.js
FN:3,findById
FNF:1
FNH:1
FNDA:1,findById
DA:1,2
DA:2,2
DA:3,2
DA:4,1
DA:5,2
DA:6,2
DA:7,2
LF:7
LH:7
BRDA:1,0,0,2
BRDA:3,1,0,1
BRF:2
BRH:2
end_of_record
TN:
SF:repository\auth\index.js
FNF:0
FNH:0
DA:1,2
DA:2,2
DA:3,2
DA:4,2
DA:5,2
DA:6,2
DA:7,2
LF:7
LH:7
BRDA:1,0,0,2
BRF:1
BRH:1
end_of_record
TN:
SF:repository\auth\updateAvatar.js
FN:3,updateAvatar
FNF:1
FNH:0
FNDA:0,updateAvatar
DA:1,2
DA:2,2
DA:3,2
DA:4,0
DA:5,2
DA:6,2
DA:7,2
LF:7
LH:6
BRDA:1,0,0,2
BRF:1
BRH:1
end_of_record
TN:
SF:repository\auth\updateToken.js
FN:3,updateToken
FNF:1
FNH:0
FNDA:0,updateToken
DA:1,2
DA:2,2
DA:3,2
DA:4,0
DA:5,2
DA:6,2
DA:7,2
LF:7
LH:6
BRDA:1,0,0,2
BRF:1
BRH:1
end_of_record
TN:
SF:repository\contacts\addContact.js
FN:3,addContact
FNF:1
FNH:0
FNDA:0,addContact
DA:1,1
DA:2,1
DA:3,1
DA:4,0
DA:5,0
DA:6,1
DA:7,1
DA:8,1
LF:8
LH:6
BRDA:1,0,0,1
BRF:1
BRH:1
end_of_record
TN:
SF:repository\contacts\getContactById.js
FN:3,getContactById
FNF:1
FNH:0
FNDA:0,getContactById
DA:1,1
DA:2,1
DA:3,1
DA:4,0
DA:5,0
DA:6,0
DA:7,0
DA:8,0
DA:9,0
DA:10,0
DA:11,0
DA:12,0
DA:13,0
DA:14,0
DA:15,0
DA:16,1
DA:17,1
DA:18,1
LF:18
LH:6
BRDA:1,0,0,1
BRF:1
BRH:1
end_of_record
TN:
SF:repository\contacts\index.js
FNF:0
FNH:0
DA:1,1
DA:2,1
DA:3,1
DA:4,1
DA:5,1
DA:6,1
DA:7,1
DA:8,1
DA:9,1
DA:10,1
DA:11,1
DA:12,1
DA:13,1
LF:13
LH:13
BRDA:1,0,0,1
BRF:1
BRH:1
end_of_record
TN:
SF:repository\contacts\listContacts.js
FN:3,listContacts
FNF:1
FNH:1
FNDA:1,listContacts
DA:1,1
DA:2,1
DA:3,1
DA:4,1
DA:5,1
DA:6,1
DA:7,1
DA:8,1
DA:9,1
DA:10,1
DA:11,1
DA:12,1
DA:13,1
DA:14,0
DA:15,0
DA:16,1
DA:17,0
DA:18,0
DA:19,1
DA:20,0
DA:21,0
DA:22,1
DA:23,1
DA:24,1
DA:25,1
DA:26,1
DA:27,1
DA:28,1
DA:29,1
LF:29
LH:23
BRDA:1,0,0,1
BRDA:3,1,0,1
BRDA:13,2,0,0
BRDA:16,3,0,0
BRDA:19,4,0,0
BRF:5
BRH:2
end_of_record
TN:
SF:repository\contacts\removeContact.js
FN:3,removeContact
FNF:1
FNH:0
FNDA:0,removeContact
DA:1,1
DA:2,1
DA:3,1
DA:4,0
DA:5,0
DA:6,0
DA:7,0
DA:8,0
DA:9,1
DA:10,1
DA:11,1
LF:11
LH:6
BRDA:1,0,0,1
BRF:1
BRH:1
end_of_record
TN:
SF:repository\contacts\updateContact.js
FN:3,updateContact
FNF:1
FNH:0
FNDA:0,updateContact
DA:1,1
DA:2,1
DA:3,1
DA:4,0
DA:5,0
DA:6,0
DA:7,0
DA:8,0
DA:9,0
DA:10,0
DA:11,0
DA:12,0
DA:13,1
DA:14,1
DA:15,1
LF:15
LH:6
BRDA:1,0,0,1
BRF:1
BRH:1
end_of_record
TN:
SF:repository\usersAggregate\getStatisticsContacts.js
FN:6,getStatisticsContacts
FNF:1
FNH:0
FNDA:0,getStatisticsContacts
DA:1,1
DA:2,1
DA:3,1
DA:4,1
DA:5,1
DA:6,1
DA:7,0
DA:8,0
DA:9,0
DA:10,0
DA:11,0
DA:12,0
DA:13,0
DA:14,0
DA:15,0
DA:16,0
DA:17,0
DA:18,0
DA:19,0
DA:20,1
DA:21,1
DA:22,1
LF:22
LH:9
BRDA:1,0,0,1
BRF:1
BRH:1
end_of_record
TN:
SF:routes\api\contacts\index.js
FNF:0
FNH:0
DA:1,1
DA:2,1
DA:3,1
DA:4,1
DA:5,1
DA:6,1
DA:7,1
DA:8,1
DA:9,1
DA:10,1
DA:11,1
DA:12,1
DA:13,1
DA:14,1
DA:15,1
DA:16,1
DA:17,1
DA:18,1
DA:19,1
DA:20,1
DA:21,1
DA:22,1
DA:23,1
DA:24,1
DA:25,1
DA:26,1
DA:27,1
DA:28,1
DA:29,1
DA:30,1
DA:31,1
DA:32,1
DA:33,1
DA:34,1
DA:35,1
DA:36,1
DA:37,1
DA:38,1
DA:39,1
DA:40,1
DA:41,1
DA:42,1
DA:43,1
DA:44,1
DA:45,1
DA:46,1
DA:47,1
DA:48,1
DA:49,1
DA:50,1
DA:51,1
DA:52,1
DA:53,1
LF:53
LH:53
BRDA:1,0,0,1
BRF:1
BRH:1
end_of_record
TN:
SF:service\auth\authService.js
FN:7,isUserExist
FN:12,create
FN:23,getUser
FN:32,getToken
FN:39,setToken
FNF:5
FNH:0
FNDA:0,isUserExist
FNDA:0,create
FNDA:0,getUser
FNDA:0,getToken
FNDA:0,setToken
DA:1,2
DA:2,2
DA:3,2
DA:4,2
DA:5,2
DA:6,2
DA:7,2
DA:8,0
DA:9,0
DA:10,0
DA:11,2
DA:12,2
DA:13,0
DA:14,0
DA:15,0
DA:16,0
DA:17,0
DA:18,0
DA:19,0
DA:20,0
DA:21,0
DA:22,2
DA:23,2
DA:24,0
DA:25,0
DA:26,0
DA:27,0
DA:28,0
DA:29,0
DA:30,0
DA:31,2
DA:32,2
DA:33,0
DA:34,0
DA:35,0
DA:36,0
DA:37,0
DA:38,2
DA:39,2
DA:40,0
DA:41,0
DA:42,2
DA:43,2
DA:44,2
LF:44
LH:18
BRDA:1,0,0,2
BRF:1
BRH:1
end_of_record
TN:
SF:service\auth\index.js
FNF:0
FNH:0
DA:1,2
DA:2,2
DA:3,2
LF:3
LH:3
BRDA:1,0,0,2
BRF:1
BRH:1
end_of_record
TN:
SF:service\storageAvatar\cloudStorage.js
FN:15,CloudStorage
FN:23,save
FN:41,removeUploadFile
FNF:3
FNH:0
FNDA:0,CloudStorage
FNDA:0,save
FNDA:0,removeUploadFile
DA:1,1
DA:2,1
DA:3,1
DA:4,1
DA:5,1
DA:6,1
DA:7,1
DA:8,1
DA:9,1
DA:10,1
DA:11,1
DA:12,1
DA:13,1
DA:14,1
DA:15,1
DA:16,0
DA:17,0
DA:18,0
DA:19,0
DA:20,0
DA:21,0
DA:22,1
DA:23,1
DA:24,0
DA:25,0
DA:26,0
DA:27,0
DA:28,0
DA:29,0
DA:30,0
DA:31,0
DA:32,0
DA:33,0
DA:34,0
DA:35,0
DA:36,0
DA:37,0
DA:38,0
DA:39,0
DA:40,1
DA:41,1
DA:42,0
DA:43,0
DA:44,0
DA:45,0
DA:46,0
DA:47,0
DA:48,1
DA:49,1
DA:50,1
LF:50
LH:22
BRDA:1,0,0,1
BRF:1
BRH:1
end_of_record
TN:
SF:service\storageAvatar\index.js
FNF:0
FNH:0
DA:1,1
DA:2,1
DA:3,1
DA:4,1
DA:5,1
LF:5
LH:5
BRDA:1,0,0,1
BRF:1
BRH:1
end_of_record
TN:
SF:service\storageAvatar\localStorage.js
FN:6,LocalStorage
FN:13,save
FNF:2
FNH:0
FNDA:0,LocalStorage
FNDA:0,save
DA:1,1
DA:2,1
DA:3,1
DA:4,1
DA:5,1
DA:6,1
DA:7,0
DA:8,0
DA:9,0
DA:10,0
DA:11,0
DA:12,1
DA:13,1
DA:14,0
DA:15,0
DA:16,0
DA:17,0
DA:18,0
DA:19,0
DA:20,0
DA:21,0
DA:22,0
DA:23,0
DA:24,0
DA:25,0
DA:26,1
DA:27,1
DA:28,1
LF:28
LH:11
BRDA:1,0,0,1
BRF:1
BRH:1
end_of_record
TN:
SF:service\storageAvatar\uploadStorage.js
FN:4,AvatarStorage
FN:9,updateAvatar
FN:15,transformAvatar
FNF:3
FNH:0
FNDA:0,AvatarStorage
FNDA:0,updateAvatar
FNDA:0,transformAvatar
DA:1,1
DA:2,1
DA:3,1
DA:4,1
DA:5,0
DA:6,0
DA:7,0
DA:8,1
DA:9,1
DA:10,0
DA:11,0
DA:12,0
DA:13,0
DA:14,1
DA:15,1
DA:16,0
DA:17,0
DA:18,0
DA:19,0
DA:20,0
DA:21,0
DA:22,0
DA:23,0
DA:24,0
DA:25,0
DA:26,1
DA:27,1
DA:28,1
LF:28
LH:11
BRDA:1,0,0,1
BRF:1
BRH:1
end_of_record
